<?xml version="1.0" encoding="UTF-8"?>
<testsuite name="RationalTest" tests="9" skipped="0" failures="0" errors="0" timestamp="2024-09-09T13:27:10" hostname="PANDA" time="0.002">
  <properties/>
  <testcase name="testDivideByZero" classname="RationalTest" time="0.001"/>
  <testcase name="testAdd" classname="RationalTest" time="0.0"/>
  <testcase name="testSubtract" classname="RationalTest" time="0.0"/>
  <testcase name="testToString" classname="RationalTest" time="0.001"/>
  <testcase name="testCompareTo" classname="RationalTest" time="0.0"/>
  <testcase name="testSimplestForm" classname="RationalTest" time="0.0"/>
  <testcase name="testDivide" classname="RationalTest" time="0.0"/>
  <testcase name="testEquals" classname="RationalTest" time="0.0"/>
  <testcase name="testMultiply" classname="RationalTest" time="0.0"/>
  <system-out><![CDATA[]]></system-out>
  <system-err><![CDATA[]]></system-err>
</testsuite>
